\BOOKMARK [1][-]{section.1}{Introduction}{}% 1
\BOOKMARK [1][-]{section.2}{Proposed Methodology}{}% 2
\BOOKMARK [1][-]{section.3}{Input Data}{}% 3
\BOOKMARK [1][-]{section.4}{Output Data}{}% 4
\BOOKMARK [1][-]{section.5}{Mamba}{}% 5
\BOOKMARK [1][-]{section.6}{Compared Models}{}% 6
\BOOKMARK [2][-]{subsection.6.1}{U-Net}{section.6}% 7
\BOOKMARK [2][-]{subsection.6.2}{ResNet}{section.6}% 8
\BOOKMARK [2][-]{subsection.6.3}{U-Mamba}{section.6}% 9
\BOOKMARK [2][-]{subsection.6.4}{SegViT}{section.6}% 10
\BOOKMARK [2][-]{subsection.6.5}{UltraLight VM-UNet}{section.6}% 11
\BOOKMARK [1][-]{section.7}{Our Models}{}% 12
\BOOKMARK [2][-]{subsection.7.1}{PP-UMamba}{section.7}% 13
\BOOKMARK [2][-]{subsection.7.2}{ULMUNet\137v1}{section.7}% 14
\BOOKMARK [2][-]{subsection.7.3}{ULMUNet\137v2}{section.7}% 15
\BOOKMARK [2][-]{subsection.7.4}{ULMUNet\137v3}{section.7}% 16
\BOOKMARK [2][-]{subsection.7.5}{ULMUNet\137v4}{section.7}% 17
\BOOKMARK [2][-]{subsection.7.6}{UL-PP}{section.7}% 18
\BOOKMARK [1][-]{section.8}{Results}{}% 19
\BOOKMARK [1][-]{section.9}{Conclusion}{}% 20
\BOOKMARK [1][-]{section*.1}{References}{}% 21
